<?xml version="1.0" encoding="UTF-8"?>
<!-- Generated by org.testng.reporters.JUnitReportReporter -->
<testsuite hostname="LTIN261630" failures="0" tests="1" name="testCases.TC_003_UsedCar" time="18.035" errors="0" timestamp="2024-02-15T11:04:51 IST" skipped="0">
  <testcase classname="testCases.TC_003_UsedCar" name="verifyUsedBike" time="18.035"/>
</testsuite> <!-- testCases.TC_003_UsedCar -->
