<?xml version="1.0" encoding="UTF-8"?>
<!-- Generated by org.testng.reporters.JUnitReportReporter -->
<testsuite hostname="LTIN261630" failures="0" tests="2" name="testCases.TC_004_LoginSignup" time="18.094" errors="0" timestamp="2024-02-15T11:04:51 IST" skipped="0">
  <testcase classname="testCases.TC_004_LoginSignup" name="verifyLoginSignUpPage" time="4.286"/>
  <testcase classname="testCases.TC_004_LoginSignup" name="verifyLoginPage" time="13.808"/>
</testsuite> <!-- testCases.TC_004_LoginSignup -->
