<?xml version="1.0" encoding="UTF-8"?>
<!-- Generated by org.testng.reporters.JUnitReportReporter -->
<testsuite hostname="LTIN261630" failures="0" tests="1" name="testCases.TC_005_LoginPage" time="10.302" errors="0" timestamp="2024-02-15T10:10:47 IST" skipped="0">
  <testcase classname="testCases.TC_005_LoginPage" name="verifyLoginPage" time="10.302"/>
</testsuite> <!-- testCases.TC_005_LoginPage -->
