<?xml version="1.0" encoding="UTF-8"?>
<!-- Generated by org.testng.reporters.JUnitReportReporter -->
<testsuite hostname="LTIN261630" failures="0" tests="2" name="testCases.TC_002_UpcomingBike" time="28.242" errors="0" timestamp="2024-02-15T11:04:51 IST" skipped="0">
  <testcase classname="testCases.TC_002_UpcomingBike" name="verifyNewBike" time="9.264"/>
  <testcase classname="testCases.TC_002_UpcomingBike" name="verifyUpcomingBike" time="18.978"/>
</testsuite> <!-- testCases.TC_002_UpcomingBike -->
